0 info it worked if it ends with ok
1 verbose cli [ '/usr/bin/node', '/usr/bin/npm', 'start', 'server', 'Pumpkin7!' ]
2 info using npm@3.10.10
3 info using node@v6.14.1
4 verbose run-script [ 'prestart', 'start', 'poststart' ]
5 info lifecycle server@1.0.0~prestart: server@1.0.0
6 silly lifecycle server@1.0.0~prestart: no script for prestart, continuing
7 info lifecycle server@1.0.0~start: server@1.0.0
8 verbose lifecycle server@1.0.0~start: unsafe-perm in lifecycle true
9 verbose lifecycle server@1.0.0~start: PATH: /usr/lib/node_modules/npm/bin/node-gyp-bin:/mnt/c/Users/Katgr/CS252Lab6-master/node_modules/.bin:/home/kgregur/bin:/home/kgregur/.local/bin:/usr/bin:/home/kgregur/bin:/home/kgregur/.local/bin:/usr/local/sbin:/usr/local/bin:/usr/sbin:/usr/bin:/sbin:/bin:/usr/games:/usr/local/games:/mnt/c/ProgramData/Oracle/Java/javapath_target_1017743187:/mnt/c/Windows/System32:/mnt/c/Windows:/mnt/c/Windows/System32/wbem:/mnt/c/Windows/System32/WindowsPowerShell/v1.0:/mnt/c/Users/Katgr/AppData/Local/Microsoft/WindowsApps:/mnt/c/Users/Katgr/AppData/Local/GitHubDesktop/bin:/snap/bin
10 verbose lifecycle server@1.0.0~start: CWD: /mnt/c/Users/Katgr/CS252Lab6-master
11 silly lifecycle server@1.0.0~start: Args: [ '-c', 'node server.js "server" "Pumpkin7!"' ]
12 silly lifecycle server@1.0.0~start: Returned: code: 1  signal: null
13 info lifecycle server@1.0.0~start: Failed to exec start script
14 verbose stack Error: server@1.0.0 start: `node server.js "server" "Pumpkin7!"`
14 verbose stack Exit status 1
14 verbose stack     at EventEmitter.<anonymous> (/usr/lib/node_modules/npm/lib/utils/lifecycle.js:255:16)
14 verbose stack     at emitTwo (events.js:106:13)
14 verbose stack     at EventEmitter.emit (events.js:191:7)
14 verbose stack     at ChildProcess.<anonymous> (/usr/lib/node_modules/npm/lib/utils/spawn.js:40:14)
14 verbose stack     at emitTwo (events.js:106:13)
14 verbose stack     at ChildProcess.emit (events.js:191:7)
14 verbose stack     at maybeClose (internal/child_process.js:920:16)
14 verbose stack     at Process.ChildProcess._handle.onexit (internal/child_process.js:230:5)
15 verbose pkgid server@1.0.0
16 verbose cwd /mnt/c/Users/Katgr/CS252Lab6-master/views
17 error Linux 4.4.0-43-Microsoft
18 error argv "/usr/bin/node" "/usr/bin/npm" "start" "server" "Pumpkin7!"
19 error node v6.14.1
20 error npm  v3.10.10
21 error code ELIFECYCLE
22 error server@1.0.0 start: `node server.js "server" "Pumpkin7!"`
22 error Exit status 1
23 error Failed at the server@1.0.0 start script 'node server.js "server" "Pumpkin7!"'.
23 error Make sure you have the latest version of node.js and npm installed.
23 error If you do, this is most likely a problem with the server package,
23 error not with npm itself.
23 error Tell the author that this fails on your system:
23 error     node server.js "server" "Pumpkin7!"
23 error You can get information on how to open an issue for this project with:
23 error     npm bugs server
23 error Or if that isn't available, you can get their info via:
23 error     npm owner ls server
23 error There is likely additional logging output above.
24 verbose exit [ 1, true ]
